<?xml version="1.0" encoding="UTF-8"?>
<robot generator="Robot 7.0.1 (Python 3.11.5 on win32)" generated="2024-09-22T19:43:19.026840" rpa="false" schemaversion="5">
<suite id="s1" name="TESTRobot.ROBOT" source="C:\Users\motal\OneDrive\Desktop\Action_github\TESTRobot.ROBOT">
<suite id="s1-s1" name="TestRobot" source="C:\Users\motal\OneDrive\Desktop\Action_github\TESTRobot.ROBOT\TestRobot.Robot">
<test id="s1-s1-t1" name="creating workflow" line="2">
<kw name="Log" owner="BuiltIn">
<msg time="2024-09-22T19:43:19.108116" level="INFO">hello MOTTA</msg>
<arg>hello MOTTA</arg>
<doc>Logs the given message with the given level.</doc>
<status status="PASS" start="2024-09-22T19:43:19.108116" elapsed="0.000000"/>
</kw>
<status status="PASS" start="2024-09-22T19:43:19.108116" elapsed="0.000000"/>
</test>
<status status="PASS" start="2024-09-22T19:43:19.107052" elapsed="0.001064"/>
</suite>
<status status="PASS" start="2024-09-22T19:43:19.036542" elapsed="0.081064"/>
</suite>
<statistics>
<total>
<stat pass="1" fail="0" skip="0">All Tests</stat>
</total>
<tag>
</tag>
<suite>
<stat pass="1" fail="0" skip="0" id="s1" name="TESTRobot.ROBOT">TESTRobot.ROBOT</stat>
<stat pass="1" fail="0" skip="0" id="s1-s1" name="TestRobot">TESTRobot.ROBOT.TestRobot</stat>
</suite>
</statistics>
<errors>
</errors>
</robot>
